-------------------------------------------------------------------------------
Test set: TestSuite
-------------------------------------------------------------------------------
Tests run: 4, Failures: 1, Errors: 0, Skipped: 0, Time elapsed: 42.564 sec <<< FAILURE!
verifyMyAccountChangeTest(com.qa.testcases.HomePageTest)  Time elapsed: 0.219 sec  <<< FAILURE!
java.lang.NullPointerException: Cannot invoke "org.openqa.selenium.WebElement.click()" because the return value of "com.qa.pages.HomePage.changeMyAccount()" is null
	at com.qa.pages.HomePage.clickChangeIconButton(HomePage.java:31)
	at com.qa.testcases.HomePageTest.verifyMyAccountChangeTest(HomePageTest.java:11)

